<?xml version="1.0" encoding="UTF-8"?>
<testng-results ignored="0" total="3" passed="2" failed="1" skipped="0">
  <reporter-output>
  </reporter-output>
  <suite started-at="2022-04-06T19:31:55Z" name="Default suite" finished-at="2022-04-06T19:32:16Z" duration-ms="20639">
    <groups>
    </groups>
    <test started-at="2022-04-06T19:31:55Z" name="Default test" finished-at="2022-04-06T19:32:16Z" duration-ms="20639">
      <class name="myTest.SampleTest">
        <test-method is-config="true" signature="setUp()[pri:0, instance:myTest.SampleTest@236e3f4e]" started-at="2022-04-06T19:31:55Z" name="setUp" finished-at="2022-04-06T19:32:06Z" duration-ms="10398" status="PASS">
          <reporter-output>
          </reporter-output>
        </test-method> <!-- setUp -->
        <test-method signature="googleSearchBtnTest()[pri:0, instance:myTest.SampleTest@236e3f4e]" started-at="2022-04-06T19:32:06Z" name="googleSearchBtnTest" finished-at="2022-04-06T19:32:16Z" duration-ms="10056" status="FAIL">
          <exception class="org.openqa.selenium.NoSuchElementException">
            <message>
              <![CDATA[no such element: Unable to locate element: {"method":"css selector","selector":"*[name='btnk']"}
  (Session info: chrome=100.0.4896.75)
For documentation on this error, please visit: https://selenium.dev/exceptions/#no_such_element
Build info: version: '4.0.0', revision: '3a21814679'
System info: host: 'Ashutoshs-Air', ip: 'fe80:0:0:0:81c:e8e1:c594:608c%en0', os.name: 'Mac OS X', os.arch: 'x86_64', os.version: '12.3.1', java.version: '11.0.14'
Driver info: org.openqa.selenium.chrome.ChromeDriver
Command: [70a734e87053f07cc738c594475fc3a1, findElement {using=name, value=btnk}]
Capabilities {acceptInsecureCerts: false, browserName: chrome, browserVersion: 100.0.4896.75, chrome: {chromedriverVersion: 100.0.4896.60 (6a5d10861ce8..., userDataDir: /var/folders/kj/lp0h3xp941q...}, goog:chromeOptions: {debuggerAddress: localhost:58020}, javascriptEnabled: true, networkConnectionEnabled: false, pageLoadStrategy: normal, platform: MAC, platformName: MAC, proxy: Proxy(), se:cdp: ws://localhost:58020/devtoo..., se:cdpVersion: 100.0.4896.75, setWindowRect: true, strictFileInteractability: false, timeouts: {implicit: 0, pageLoad: 300000, script: 30000}, unhandledPromptBehavior: dismiss and notify, webauthn:extension:credBlob: true, webauthn:extension:largeBlob: true, webauthn:virtualAuthenticators: true}
Session ID: 70a734e87053f07cc738c594475fc3a1]]>
            </message>
            <full-stacktrace>
              <![CDATA[org.openqa.selenium.NoSuchElementException: no such element: Unable to locate element: {"method":"css selector","selector":"*[name='btnk']"}
  (Session info: chrome=100.0.4896.75)
For documentation on this error, please visit: https://selenium.dev/exceptions/#no_such_element
Build info: version: '4.0.0', revision: '3a21814679'
System info: host: 'Ashutoshs-Air', ip: 'fe80:0:0:0:81c:e8e1:c594:608c%en0', os.name: 'Mac OS X', os.arch: 'x86_64', os.version: '12.3.1', java.version: '11.0.14'
Driver info: org.openqa.selenium.chrome.ChromeDriver
Command: [70a734e87053f07cc738c594475fc3a1, findElement {using=name, value=btnk}]
Capabilities {acceptInsecureCerts: false, browserName: chrome, browserVersion: 100.0.4896.75, chrome: {chromedriverVersion: 100.0.4896.60 (6a5d10861ce8..., userDataDir: /var/folders/kj/lp0h3xp941q...}, goog:chromeOptions: {debuggerAddress: localhost:58020}, javascriptEnabled: true, networkConnectionEnabled: false, pageLoadStrategy: normal, platform: MAC, platformName: MAC, proxy: Proxy(), se:cdp: ws://localhost:58020/devtoo..., se:cdpVersion: 100.0.4896.75, setWindowRect: true, strictFileInteractability: false, timeouts: {implicit: 0, pageLoad: 300000, script: 30000}, unhandledPromptBehavior: dismiss and notify, webauthn:extension:credBlob: true, webauthn:extension:largeBlob: true, webauthn:virtualAuthenticators: true}
Session ID: 70a734e87053f07cc738c594475fc3a1
at java.base/jdk.internal.reflect.NativeConstructorAccessorImpl.newInstance0(Native Method)
at java.base/jdk.internal.reflect.NativeConstructorAccessorImpl.newInstance(NativeConstructorAccessorImpl.java:62)
at java.base/jdk.internal.reflect.DelegatingConstructorAccessorImpl.newInstance(DelegatingConstructorAccessorImpl.java:45)
at java.base/java.lang.reflect.Constructor.newInstance(Constructor.java:490)
at org.openqa.selenium.remote.codec.w3c.W3CHttpResponseCodec.createException(W3CHttpResponseCodec.java:200)
at org.openqa.selenium.remote.codec.w3c.W3CHttpResponseCodec.decode(W3CHttpResponseCodec.java:133)
at org.openqa.selenium.remote.codec.w3c.W3CHttpResponseCodec.decode(W3CHttpResponseCodec.java:53)
at org.openqa.selenium.remote.HttpCommandExecutor.execute(HttpCommandExecutor.java:184)
at org.openqa.selenium.remote.service.DriverCommandExecutor.invokeExecute(DriverCommandExecutor.java:164)
at org.openqa.selenium.remote.service.DriverCommandExecutor.execute(DriverCommandExecutor.java:139)
at org.openqa.selenium.remote.RemoteWebDriver.execute(RemoteWebDriver.java:559)
at org.openqa.selenium.remote.ElementLocation$ElementFinder$2.findElement(ElementLocation.java:162)
at org.openqa.selenium.remote.ElementLocation.findElement(ElementLocation.java:66)
at org.openqa.selenium.remote.RemoteWebDriver.findElement(RemoteWebDriver.java:383)
at org.openqa.selenium.remote.RemoteWebDriver.findElement(RemoteWebDriver.java:375)
at myTest.SampleTest.googleSearchBtnTest(SampleTest.java:38)
at java.base/jdk.internal.reflect.NativeMethodAccessorImpl.invoke0(Native Method)
at java.base/jdk.internal.reflect.NativeMethodAccessorImpl.invoke(NativeMethodAccessorImpl.java:62)
at java.base/jdk.internal.reflect.DelegatingMethodAccessorImpl.invoke(DelegatingMethodAccessorImpl.java:43)
at java.base/java.lang.reflect.Method.invoke(Method.java:566)
at org.testng.internal.MethodInvocationHelper.invokeMethod(MethodInvocationHelper.java:124)
at org.testng.internal.Invoker.invokeMethod(Invoker.java:583)
at org.testng.internal.Invoker.invokeTestMethod(Invoker.java:719)
at org.testng.internal.Invoker.invokeTestMethods(Invoker.java:989)
at org.testng.internal.TestMethodWorker.invokeTestMethods(TestMethodWorker.java:125)
at org.testng.internal.TestMethodWorker.run(TestMethodWorker.java:109)
at org.testng.TestRunner.privateRun(TestRunner.java:648)
at org.testng.TestRunner.run(TestRunner.java:505)
at org.testng.SuiteRunner.runTest(SuiteRunner.java:455)
at org.testng.SuiteRunner.runSequentially(SuiteRunner.java:450)
at org.testng.SuiteRunner.privateRun(SuiteRunner.java:415)
at org.testng.SuiteRunner.run(SuiteRunner.java:364)
at org.testng.SuiteRunnerWorker.runSuite(SuiteRunnerWorker.java:52)
at org.testng.SuiteRunnerWorker.run(SuiteRunnerWorker.java:84)
at org.testng.TestNG.runSuitesSequentially(TestNG.java:1208)
at org.testng.TestNG.runSuitesLocally(TestNG.java:1137)
at org.testng.TestNG.runSuites(TestNG.java:1049)
at org.testng.TestNG.run(TestNG.java:1017)
at org.testng.remote.AbstractRemoteTestNG.run(AbstractRemoteTestNG.java:115)
at org.testng.remote.RemoteTestNG.initAndRun(RemoteTestNG.java:251)
at org.testng.remote.RemoteTestNG.main(RemoteTestNG.java:77)
]]>
            </full-stacktrace>
          </exception> <!-- org.openqa.selenium.NoSuchElementException -->
          <reporter-output>
          </reporter-output>
        </test-method> <!-- googleSearchBtnTest -->
        <test-method signature="searchTest()[pri:0, instance:myTest.SampleTest@236e3f4e]" started-at="2022-04-06T19:32:16Z" name="searchTest" finished-at="2022-04-06T19:32:16Z" duration-ms="64" status="PASS">
          <reporter-output>
          </reporter-output>
        </test-method> <!-- searchTest -->
        <test-method signature="urlTest()[pri:0, instance:myTest.SampleTest@236e3f4e]" started-at="2022-04-06T19:32:16Z" name="urlTest" finished-at="2022-04-06T19:32:16Z" duration-ms="10" status="PASS">
          <reporter-output>
          </reporter-output>
        </test-method> <!-- urlTest -->
        <test-method is-config="true" signature="tearDown()[pri:0, instance:myTest.SampleTest@236e3f4e]" started-at="2022-04-06T19:32:16Z" name="tearDown" finished-at="2022-04-06T19:32:16Z" duration-ms="83" status="PASS">
          <reporter-output>
          </reporter-output>
        </test-method> <!-- tearDown -->
      </class> <!-- myTest.SampleTest -->
    </test> <!-- Default test -->
  </suite> <!-- Default suite -->
</testng-results>
